<?xml version='1.0' encoding='UTF-8'?>
<testsuite hostname="venser-Lenovo-Y70-70-Touch" name="MedianTest" tests="1" errors="0" failures="1" skipped="0" time="130.715" timestamp="2025-05-15T15:32:03">
          <properties>
[...]
</properties>
          <testcase classname="MedianTest" name="Median test 1}" time="130.715">
                      <failure message="make: вход в каталог «/home/venser/bak-dip/chisel/testings/median_test/build/chiselsim/MedianTest/Median/test-1}/workdir-verilator»
ls . | grep -v Makefile | grep -v execution-script.txt | xargs rm -rf
\
/usr/bin/verilator \
	'--cc' \
	'--exe' \
	'--build' \
	'-j' \
	'0' \
	'-o' \
	'../simulation' \
	'--top-module' \
	'svsimTestbench' \
	'--Mdir' \
	'verilated-sources' \
	'--assert' \
	'+incdir+/home/venser/bak-dip/chisel/testings/median_test/build/chiselsim/MedianTest/Median/test-1}/primary-sources' \
	'-CFLAGS' \
	'-std=c++14 -I/home/venser/bak-dip/chisel/testings/median_test/build/chiselsim/MedianTest/Median/test-1}/workdir-verilator -DSVSIM_ENABLE_VERILATOR_SUPPORT' \
	'+define+RANDOMIZE_REG_INIT' \
	'+define+RANDOMIZE_MEM_INIT' \
	'+define+RANDOMIZE_DELAY=1' \
	'+define+RANDOM=$urandom' \
	'../primary-sources/Median.sv' '../primary-sources/verification/assert/layers-Median-Verification-Assert.sv' '../primary-sources/verification/cover/layers-Median-Verification-Cover.sv' '../primary-sources/verification/assume/layers-Median-Verification-Assume.sv' '../primary-sources/verification/layers-Median-Verification.sv' 'testbench.sv' '../generated-sources/simulation-driver.cpp' '../generated-sources/c-dpi-bridge.cpp'
%Error: Internal Error: ../V3File.h:162: : verilated-sources/VsvsimTestbench___024root__DepSet_hb8c279e6__0__Slow.cpp: Underflow of indentation
                        ... See the manual at https://verilator.org/verilator_doc.html for more assistance.
%Error: Verilator threw signal 2. Suggest trying --debug --gdbbt
%Error: Command Failed ulimit -s unlimited 2&gt;/dev/null; exec /usr/bin/verilator_bin --cc --exe --build -j 0 -o ../simulation --top-module svsimTestbench --Mdir verilated-sources --assert +incdir+/home/venser/bak-dip/chisel/testings/median_test/build/chiselsim/MedianTest/Median/test-1\}/primary-sources -CFLAGS -std=c++14\ -I/home/venser/bak-dip/chisel/testings/median_test/build/chiselsim/MedianTest/Median/test-1\}/workdir-verilator\ -DSVSIM_ENABLE_VERILATOR_SUPPORT +define+RANDOMIZE_REG_INIT +define+RANDOMIZE_MEM_INIT +define+RANDOMIZE_DELAY=1 +define+RANDOM=\$urandom ../primary-sources/Median.sv ../primary-sources/verification/assert/layers-Median-Verification-Assert.sv ../primary-sources/verification/cover/layers-Median-Verification-Cover.sv ../primary-sources/verification/assume/layers-Median-Verification-Assume.sv ../primary-sources/verification/layers-Median-Verification.sv testbench.sv ../generated-sources/simulation-driver.cpp ../generated-sources/c-dpi-bridge.cpp
make: *** [Makefile:12: simulation] Ошибка 255" type="java.lang.Exception">java.lang.Exception: make: вход в каталог «/home/venser/bak-dip/chisel/testings/median_test/build/chiselsim/MedianTest/Median/test-1}/workdir-verilator»
ls . | grep -v Makefile | grep -v execution-script.txt | xargs rm -rf
\
/usr/bin/verilator \
	'--cc' \
	'--exe' \
	'--build' \
	'-j' \
	'0' \
	'-o' \
	'../simulation' \
	'--top-module' \
	'svsimTestbench' \
	'--Mdir' \
	'verilated-sources' \
	'--assert' \
	'+incdir+/home/venser/bak-dip/chisel/testings/median_test/build/chiselsim/MedianTest/Median/test-1}/primary-sources' \
	'-CFLAGS' \
	'-std=c++14 -I/home/venser/bak-dip/chisel/testings/median_test/build/chiselsim/MedianTest/Median/test-1}/workdir-verilator -DSVSIM_ENABLE_VERILATOR_SUPPORT' \
	'+define+RANDOMIZE_REG_INIT' \
	'+define+RANDOMIZE_MEM_INIT' \
	'+define+RANDOMIZE_DELAY=1' \
	'+define+RANDOM=$urandom' \
	'../primary-sources/Median.sv' '../primary-sources/verification/assert/layers-Median-Verification-Assert.sv' '../primary-sources/verification/cover/layers-Median-Verification-Cover.sv' '../primary-sources/verification/assume/layers-Median-Verification-Assume.sv' '../primary-sources/verification/layers-Median-Verification.sv' 'testbench.sv' '../generated-sources/simulation-driver.cpp' '../generated-sources/c-dpi-bridge.cpp'
%Error: Internal Error: ../V3File.h:162: : verilated-sources/VsvsimTestbench___024root__DepSet_hb8c279e6__0__Slow.cpp: Underflow of indentation
                        ... See the manual at https://verilator.org/verilator_doc.html for more assistance.
%Error: Verilator threw signal 2. Suggest trying --debug --gdbbt
%Error: Command Failed ulimit -s unlimited 2&gt;/dev/null; exec /usr/bin/verilator_bin --cc --exe --build -j 0 -o ../simulation --top-module svsimTestbench --Mdir verilated-sources --assert +incdir+/home/venser/bak-dip/chisel/testings/median_test/build/chiselsim/MedianTest/Median/test-1\}/primary-sources -CFLAGS -std=c++14\ -I/home/venser/bak-dip/chisel/testings/median_test/build/chiselsim/MedianTest/Median/test-1\}/workdir-verilator\ -DSVSIM_ENABLE_VERILATOR_SUPPORT +define+RANDOMIZE_REG_INIT +define+RANDOMIZE_MEM_INIT +define+RANDOMIZE_DELAY=1 +define+RANDOM=\$urandom ../primary-sources/Median.sv ../primary-sources/verification/assert/layers-Median-Verification-Assert.sv ../primary-sources/verification/cover/layers-Median-Verification-Cover.sv ../primary-sources/verification/assume/layers-Median-Verification-Assume.sv ../primary-sources/verification/layers-Median-Verification.sv testbench.sv ../generated-sources/simulation-driver.cpp ../generated-sources/c-dpi-bridge.cpp
make: *** [Makefile:12: simulation] Ошибка 255
	at svsim.Workspace.compile(Workspace.scala:510)
	at chisel3.simulator.SimulatorAPI.simulateRaw(SimulatorAPI.scala:55)
	at chisel3.simulator.SimulatorAPI.simulateRaw$(SimulatorAPI.scala:33)
	at MedianTest.simulateRaw(MedianTest.scala:8)
	at MedianTest.$anonfun$new$3(MedianTest.scala:26)
	at scala.runtime.java8.JFunction0$mcV$sp.apply(JFunction0$mcV$sp.scala:18)
	at org.scalatest.OutcomeOf.outcomeOf(OutcomeOf.scala:85)
	at org.scalatest.OutcomeOf.outcomeOf$(OutcomeOf.scala:83)
	at org.scalatest.OutcomeOf$.outcomeOf(OutcomeOf.scala:104)
	at org.scalatest.Transformer.apply(Transformer.scala:22)
	at org.scalatest.Transformer.apply(Transformer.scala:20)
	at org.scalatest.funspec.AnyFunSpecLike$$anon$1.apply(AnyFunSpecLike.scala:521)
	at org.scalatest.TestSuite.withFixture(TestSuite.scala:196)
	at org.scalatest.TestSuite.withFixture$(TestSuite.scala:195)
	at MedianTest.chisel3$testing$scalatest$HasConfigMap$$super$withFixture(MedianTest.scala:8)
	at chisel3.testing.scalatest.HasConfigMap.$anonfun$withFixture$1(HasConfigMap.scala:37)
	at scala.util.DynamicVariable.withValue(DynamicVariable.scala:59)
	at chisel3.testing.scalatest.HasConfigMap.withFixture(HasConfigMap.scala:37)
	at chisel3.testing.scalatest.HasConfigMap.withFixture$(HasConfigMap.scala:35)
	at MedianTest.chisel3$testing$scalatest$TestingDirectory$$super$withFixture(MedianTest.scala:8)
	at chisel3.testing.scalatest.TestingDirectory.$anonfun$withFixture$1(WithTestingDirectory.scala:46)
	at scala.util.DynamicVariable.withValue(DynamicVariable.scala:59)
	at chisel3.testing.scalatest.TestingDirectory.withFixture(WithTestingDirectory.scala:46)
	at chisel3.testing.scalatest.TestingDirectory.withFixture$(WithTestingDirectory.scala:44)
	at MedianTest.withFixture(MedianTest.scala:8)
	at org.scalatest.funspec.AnyFunSpecLike.invokeWithFixture$1(AnyFunSpecLike.scala:519)
	at org.scalatest.funspec.AnyFunSpecLike.$anonfun$runTest$1(AnyFunSpecLike.scala:531)
	at org.scalatest.SuperEngine.runTestImpl(Engine.scala:306)
	at org.scalatest.funspec.AnyFunSpecLike.runTest(AnyFunSpecLike.scala:531)
	at org.scalatest.funspec.AnyFunSpecLike.runTest$(AnyFunSpecLike.scala:513)
	at org.scalatest.funspec.AnyFunSpec.runTest(AnyFunSpec.scala:1632)
	at org.scalatest.funspec.AnyFunSpecLike.$anonfun$runTests$1(AnyFunSpecLike.scala:564)
	at org.scalatest.SuperEngine.$anonfun$runTestsInBranch$1(Engine.scala:413)
	at scala.collection.immutable.List.foreach(List.scala:334)
	at org.scalatest.SuperEngine.traverseSubNodes$1(Engine.scala:401)
	at org.scalatest.SuperEngine.runTestsInBranch(Engine.scala:390)
	at org.scalatest.SuperEngine.$anonfun$runTestsInBranch$1(Engine.scala:427)
	at scala.collection.immutable.List.foreach(List.scala:334)
	at org.scalatest.SuperEngine.traverseSubNodes$1(Engine.scala:401)
	at org.scalatest.SuperEngine.runTestsInBranch(Engine.scala:396)
	at org.scalatest.SuperEngine.runTestsImpl(Engine.scala:475)
	at org.scalatest.funspec.AnyFunSpecLike.runTests(AnyFunSpecLike.scala:564)
	at org.scalatest.funspec.AnyFunSpecLike.runTests$(AnyFunSpecLike.scala:563)
	at org.scalatest.funspec.AnyFunSpec.runTests(AnyFunSpec.scala:1632)
	at org.scalatest.Suite.run(Suite.scala:1114)
	at org.scalatest.Suite.run$(Suite.scala:1096)
	at org.scalatest.funspec.AnyFunSpec.org$scalatest$funspec$AnyFunSpecLike$$super$run(AnyFunSpec.scala:1632)
	at org.scalatest.funspec.AnyFunSpecLike.$anonfun$run$1(AnyFunSpecLike.scala:568)
	at org.scalatest.SuperEngine.runImpl(Engine.scala:535)
	at org.scalatest.funspec.AnyFunSpecLike.run(AnyFunSpecLike.scala:568)
	at org.scalatest.funspec.AnyFunSpecLike.run$(AnyFunSpecLike.scala:567)
	at org.scalatest.funspec.AnyFunSpec.run(AnyFunSpec.scala:1632)
	at org.scalatest.tools.Framework.org$scalatest$tools$Framework$$runSuite(Framework.scala:321)
	at org.scalatest.tools.Framework$ScalaTestTask.execute(Framework.scala:517)
	at sbt.TestRunner.runTest$1(TestFramework.scala:153)
	at sbt.TestRunner.run(TestFramework.scala:168)
	at sbt.TestFramework$$anon$3$$anonfun$$lessinit$greater$1.$anonfun$apply$1(TestFramework.scala:336)
	at sbt.TestFramework$.sbt$TestFramework$$withContextLoader(TestFramework.scala:296)
	at sbt.TestFramework$$anon$3$$anonfun$$lessinit$greater$1.apply(TestFramework.scala:336)
	at sbt.TestFramework$$anon$3$$anonfun$$lessinit$greater$1.apply(TestFramework.scala:336)
	at sbt.TestFunction.apply(TestFramework.scala:348)
	at sbt.Tests$.$anonfun$toTask$1(Tests.scala:436)
	at sbt.std.Transform$$anon$3.$anonfun$apply$2(Transform.scala:47)
	at sbt.std.Transform$$anon$4.work(Transform.scala:69)
	at sbt.Execute.$anonfun$submit$2(Execute.scala:283)
	at sbt.internal.util.ErrorHandling$.wideConvert(ErrorHandling.scala:24)
	at sbt.Execute.work(Execute.scala:292)
	at sbt.Execute.$anonfun$submit$1(Execute.scala:283)
	at sbt.ConcurrentRestrictions$$anon$4.$anonfun$submitValid$1(ConcurrentRestrictions.scala:265)
	at sbt.CompletionService$$anon$2.call(CompletionService.scala:65)
	at java.util.concurrent.FutureTask.run(FutureTask.java:266)
	at java.util.concurrent.Executors$RunnableAdapter.call(Executors.java:511)
	at java.util.concurrent.FutureTask.run(FutureTask.java:266)
	at java.util.concurrent.ThreadPoolExecutor.runWorker(ThreadPoolExecutor.java:1149)
	at java.util.concurrent.ThreadPoolExecutor$Worker.run(ThreadPoolExecutor.java:624)
	at java.lang.Thread.run(Thread.java:750)
</failure>
                    </testcase>
          <system-out><![CDATA[]]></system-out>
          <system-err><![CDATA[]]></system-err>
        </testsuite>